<?xml version="1.0" encoding="UTF-8"?>
<!-- Generated by org.testng.reporters.JUnitXMLReporter -->
<testsuite ignored="0" hostname="Sameer" failures="0" tests="10" name="Test" time="68.102" errors="0" timestamp="2022-07-13T17:10:01 IST">
  <testcase classname="testjava.DashboardPageTest" name="dashlog" time="11.314"/>
  <testcase classname="testjava.DashboardPageTest" name="verifyUrl" time="0.011"/>
  <testcase classname="testjava.DashboardPageTest" name="verifyTitle" time="0.01"/>
  <testcase classname="testjava.DashboardPageTest" name="verifyDash" time="0.169"/>
  <testcase classname="testjava.DashboardPageTest" name="verifyColor" time="0.062"/>
  <testcase classname="testjava.AdminPageTest" name="adminlog" time="7.745"/>
  <testcase classname="testjava.AdminPageTest" name="verifyAdminBtn" time="2.831"/>
  <testcase classname="testjava.AdminPageTest" name="verifySystemUser" time="2.479"/>
  <testcase classname="testjava.AdminPageTest" name="verifyAlternateCheckbox" time="2.882"/>
  <testcase classname="testjava.AdminPageTest" name="verifySecificCheckbox" time="0.127"/>
</testsuite> <!-- Test -->
