<?xml version="1.0" encoding="UTF-8"?>
<!-- Generated by org.testng.reporters.JUnitXMLReporter -->
<testsuite ignored="0" hostname="Sameer" failures="3" tests="3" name="Test" time="0.077" errors="0" timestamp="2022-05-18T21:06:12 IST">
  <testcase classname="testjava.LoginPageTest" name="verifyUrl" time="0.012">
    <failure type="java.lang.NullPointerException" message="Cannot invoke &amp;quot;mainjava.LoginPage.urlOfPage()&amp;quot; because &amp;quot;this.loginpage&amp;quot; is null">
      <![CDATA[java.lang.NullPointerException: Cannot invoke "mainjava.LoginPage.urlOfPage()" because "this.loginpage" is null
at testjava.LoginPageTest.verifyUrl(LoginPageTest.java:13)
at java.base/java.util.ArrayList.forEach(ArrayList.java:1511)
... Removed 31 stack frames]]>
    </failure>
  </testcase> <!-- verifyUrl -->
  <testcase classname="testjava.LoginPageTest" name="verifyTitle" time="0.001">
    <failure type="java.lang.NullPointerException" message="Cannot invoke &amp;quot;mainjava.LoginPage.titleOfPage()&amp;quot; because &amp;quot;this.loginpage&amp;quot; is null">
      <![CDATA[java.lang.NullPointerException: Cannot invoke "mainjava.LoginPage.titleOfPage()" because "this.loginpage" is null
at testjava.LoginPageTest.verifyTitle(LoginPageTest.java:20)
at java.base/java.util.ArrayList.forEach(ArrayList.java:1511)
... Removed 31 stack frames]]>
    </failure>
  </testcase> <!-- verifyTitle -->
  <testcase classname="testjava.LoginPageTest" name="verifyLoginWithinCorrect" time="0.001">
    <failure type="java.lang.NullPointerException" message="Cannot invoke &amp;quot;mainjava.LoginPage.invalidCred(String, String)&amp;quot; because &amp;quot;this.loginpage&amp;quot; is null">
      <![CDATA[java.lang.NullPointerException: Cannot invoke "mainjava.LoginPage.invalidCred(String, String)" because "this.loginpage" is null
at testjava.LoginPageTest.verifyLoginWithinCorrect(LoginPageTest.java:26)
at java.base/java.util.ArrayList.forEach(ArrayList.java:1511)
... Removed 31 stack frames]]>
    </failure>
  </testcase> <!-- verifyLoginWithinCorrect -->
</testsuite> <!-- Test -->
