<?xml version="1.0" encoding="UTF-8"?>
<!-- Generated by org.testng.reporters.JUnitXMLReporter -->
<testsuite ignored="2" hostname="Sameer" failures="0" tests="3" name="Default test" time="23.396" errors="0" timestamp="2022-07-13T15:11:10 IST">
  <testcase classname="testjava.AdminPageTest" name="adminlog" time="6.648"/>
  <testcase classname="testjava.AdminPageTest" name="verifyAdminBtn" time="2.019"/>
  <testcase classname="testjava.AdminPageTest" name="verifySecificCheckbox" time="0.173"/>
  <testcase classname="testjava.AdminPageTest" name="verifyAlternateCheckbox" time="0.0">
    <ignored/>
  </testcase> <!-- verifyAlternateCheckbox -->
  <testcase classname="testjava.AdminPageTest" name="verifySystemUser" time="0.0">
    <ignored/>
  </testcase> <!-- verifySystemUser -->
</testsuite> <!-- Default test -->
